<?xml version="1.0" encoding="UTF-8"?>
<!-- Generated by org.testng.reporters.JUnitXMLReporter -->
<testsuite ignored="0" hostname="W7BLRGJMFT13" failures="0" tests="3" name="searchmobile" time="50.297" errors="0" timestamp="22 Apr 2020 10:41:59 GMT">
  <testcase classname="mobileb2c.loginmobile" name="login" time="9.208"/>
  <testcase classname="mobileb2c.Addvehiclemobile" name="addvehiclemobile" time="21.72"/>
  <testcase classname="mobileb2c.searchmobile" name="Searchmobile" time="5.8"/>
</testsuite> <!-- searchmobile -->
