<?xml version="1.0" encoding="UTF-8"?>
<!-- Generated by org.testng.reporters.JUnitXMLReporter -->
<testsuite ignored="0" hostname="W7BLRGJMFT13" failures="0" tests="4" name="test4" time="49.844" errors="0" timestamp="2020-04-13T13:20:06 IST">
  <testcase classname="mobileb2c.URLB2Cmobile" name="launchBrowser" time="12.488"/>
  <testcase classname="mobileb2c.loginmobile" name="login" time="8.579"/>
  <testcase classname="mobileb2c.Addvehiclemobile" name="addvehiclemobile" time="22.405"/>
  <testcase classname="mobileb2c.searchmobile" name="Searchmobile" time="5.692"/>
</testsuite> <!-- test4 -->
