<?xml version="1.0" encoding="UTF-8"?>
<!-- Generated by org.testng.reporters.JUnitXMLReporter -->
<testsuite ignored="0" hostname="W7BLRGJMFT13" failures="0" tests="3" name="test6" time="41.823" errors="0" timestamp="2020-04-13T13:22:24 IST">
  <testcase classname="mobileb2c.URLB2Cmobile" name="launchBrowser" time="12.61"/>
  <testcase classname="mobileb2c.loginmobile" name="login" time="8.583"/>
  <testcase classname="mobileb2c.Couponcodemobile" name="couponcodemobile" time="19.988"/>
</testsuite> <!-- test6 -->
