<?xml version="1.0" encoding="UTF-8"?>
<!-- Generated by org.testng.reporters.JUnitXMLReporter -->
<testsuite ignored="0" hostname="W7BLRGJMFT13" failures="0" tests="3" name="test3" time="44.195" errors="0" timestamp="2020-04-13T13:19:16 IST">
  <testcase classname="mobileb2c.URLB2Cmobile" name="launchBrowser" time="11.643"/>
  <testcase classname="mobileb2c.loginmobile" name="login" time="8.825"/>
  <testcase classname="mobileb2c.Addvehiclemobile" name="addvehiclemobile" time="23.047"/>
</testsuite> <!-- test3 -->
