<?xml version="1.0" encoding="UTF-8"?>
<!-- Generated by org.testng.reporters.JUnitXMLReporter -->
<testsuite ignored="0" hostname="W7BLRGJMFT13" failures="0" tests="3" name="test8" time="22.26" errors="0" timestamp="2020-04-13T13:23:43 IST">
  <testcase classname="mobileb2c.URLB2Cmobile" name="launchBrowser" time="11.789"/>
  <testcase classname="mobileb2c.loginmobile" name="login" time="8.168"/>
  <testcase classname="mobileb2c.Orderhistorymobile" name="orderhistorymobile" time="1.68"/>
</testsuite> <!-- test8 -->
