<?xml version="1.0" encoding="UTF-8"?>
<testng-results ignored="0" total="3" passed="3" failed="0" skipped="0">
  <reporter-output>
  </reporter-output>
  <suite started-at="2020-04-28T15:15:20Z" name="Default suite" finished-at="2020-04-28T15:19:24Z" duration-ms="244222">
    <groups>
    </groups>
    <test started-at="2020-04-28T15:15:20Z" name="Default test" finished-at="2020-04-28T15:19:24Z" duration-ms="244222">
      <class name="com.experitest.auto1.Couponcodemobile">
        <test-method is-config="true" signature="setUp()[pri:0, instance:com.experitest.auto1.Couponcodemobile@6f204a1a]" started-at="2020-04-28T20:45:20Z" name="setUp" finished-at="2020-04-28T20:46:02Z" duration-ms="41701" status="PASS">
          <reporter-output>
          </reporter-output>
        </test-method> <!-- setUp -->
        <test-method signature="URLB2C()[pri:0, instance:com.experitest.auto1.Couponcodemobile@6f204a1a]" started-at="2020-04-28T20:46:02Z" name="URLB2C" finished-at="2020-04-28T20:46:26Z" duration-ms="24414" status="PASS">
          <reporter-output>
          </reporter-output>
        </test-method> <!-- URLB2C -->
        <test-method signature="login()[pri:1, instance:com.experitest.auto1.Couponcodemobile@6f204a1a]" started-at="2020-04-28T20:46:26Z" name="login" finished-at="2020-04-28T20:47:36Z" duration-ms="69769" status="PASS">
          <reporter-output>
          </reporter-output>
        </test-method> <!-- login -->
        <test-method signature="couponcodemobile()[pri:2, instance:com.experitest.auto1.Couponcodemobile@6f204a1a]" started-at="2020-04-28T20:47:36Z" name="couponcodemobile" finished-at="2020-04-28T20:49:00Z" duration-ms="84292" status="PASS">
          <reporter-output>
          </reporter-output>
        </test-method> <!-- couponcodemobile -->
        <test-method is-config="true" signature="tearDown()[pri:0, instance:com.experitest.auto1.Couponcodemobile@6f204a1a]" started-at="2020-04-28T20:49:00Z" name="tearDown" finished-at="2020-04-28T20:49:24Z" duration-ms="24014" status="PASS">
          <reporter-output>
          </reporter-output>
        </test-method> <!-- tearDown -->
      </class> <!-- com.experitest.auto1.Couponcodemobile -->
    </test> <!-- Default test -->
  </suite> <!-- Default suite -->
</testng-results>
